TN:
SF:lib/src/core/common/constants.dart
FNF:0
FNH:0
DA:15,2
DA:16,1
DA:17,6
DA:19,0
DA:21,0
DA:25,0
DA:26,0
DA:27,0
DA:28,0
DA:29,0
DA:32,0
DA:33,0
LF:12
LH:3
end_of_record
TN:
SF:lib/src/core/common/exception.dart
FNF:0
FNH:0
DA:6,4
LF:1
LH:1
end_of_record
TN:
SF:lib/src/core/common/failure.dart
FNF:0
FNH:0
DA:6,9
DA:8,2
DA:9,4
DA:13,18
DA:17,4
DA:21,4
LF:6
LH:6
end_of_record
TN:
SF:lib/src/features/movie/data/datasources/db/database_helper.dart
FNF:0
FNH:0
DA:9,8
DA:13,16
DA:17,1
DA:19,1
DA:26,1
DA:27,1
DA:28,1
DA:30,1
DA:33,1
DA:38,0
DA:39,0
DA:50,1
DA:51,1
DA:52,2
DA:55,1
DA:56,1
DA:57,2
DA:60,1
DA:61,1
DA:62,1
DA:65,2
DA:69,1
DA:70,1
DA:71,1
DA:74,2
DA:78,1
DA:79,1
DA:80,1
DA:83,1
DA:86,1
DA:87,1
DA:93,1
DA:94,1
DA:95,1
DA:98,1
DA:104,1
DA:105,1
DA:106,1
DA:109,1
LF:39
LH:37
end_of_record
TN:
SF:lib/src/features/movie/data/datasources/movie_local_data_source.dart
FNF:0
FNH:0
DA:15,6
DA:17,1
DA:20,2
DA:23,2
DA:27,1
DA:30,2
DA:33,2
DA:37,1
DA:39,2
DA:41,1
DA:47,1
DA:49,2
DA:50,4
LF:13
LH:13
end_of_record
TN:
SF:lib/src/features/movie/data/datasources/movie_remote_data_source.dart
FNF:0
FNH:0
DA:24,7
DA:26,2
DA:29,6
DA:31,4
DA:32,8
DA:34,2
DA:38,2
DA:41,8
DA:43,4
DA:44,6
DA:46,2
DA:50,2
DA:52,2
DA:53,6
DA:54,4
DA:55,8
DA:57,2
DA:61,2
DA:64,6
DA:66,4
DA:67,8
DA:69,2
DA:73,2
DA:76,6
DA:78,4
DA:79,8
DA:81,2
DA:85,2
DA:87,2
DA:88,6
DA:90,4
DA:91,8
DA:93,2
LF:33
LH:33
end_of_record
TN:
SF:lib/src/features/movie/data/models/movie_detail_model.dart
FNF:0
FNH:0
DA:6,3
DA:52,2
DA:53,2
DA:54,2
DA:55,2
DA:56,2
DA:57,2
DA:58,8
DA:59,2
DA:60,2
DA:61,2
DA:62,2
DA:63,2
DA:64,2
DA:65,4
DA:66,2
DA:67,2
DA:68,2
DA:69,2
DA:70,2
DA:71,2
DA:72,2
DA:73,2
DA:74,4
DA:75,2
DA:78,0
DA:79,0
DA:80,0
DA:81,0
DA:82,0
DA:83,0
DA:84,0
DA:85,0
DA:86,0
DA:87,0
DA:88,0
DA:89,0
DA:90,0
DA:91,0
DA:92,0
DA:93,0
DA:94,0
DA:95,0
DA:96,0
DA:97,0
DA:98,0
DA:99,0
DA:102,2
DA:103,2
DA:104,2
DA:105,2
DA:106,10
DA:107,2
DA:108,2
DA:109,2
DA:110,2
DA:111,2
DA:112,2
DA:113,2
DA:114,2
DA:115,2
DA:119,1
DA:120,1
DA:121,1
DA:122,1
DA:123,1
DA:124,1
DA:125,1
DA:126,1
DA:127,1
DA:128,1
DA:129,1
DA:130,1
DA:131,1
DA:132,1
DA:133,1
DA:134,1
DA:135,1
DA:136,1
DA:137,1
DA:138,1
DA:139,1
DA:140,1
DA:141,1
LF:84
LH:62
end_of_record
TN:
SF:lib/src/features/movie/data/models/movie_model.dart
FNF:0
FNH:0
DA:5,9
DA:37,14
DA:38,7
DA:39,7
DA:40,28
DA:41,7
DA:42,7
DA:43,7
DA:44,14
DA:45,7
DA:46,7
DA:47,7
DA:48,7
DA:49,14
DA:50,7
DA:53,2
DA:54,1
DA:55,1
DA:56,4
DA:57,1
DA:58,1
DA:59,1
DA:60,1
DA:61,1
DA:62,1
DA:63,1
DA:64,1
DA:65,1
DA:66,1
DA:67,1
DA:70,7
DA:71,7
DA:72,7
DA:73,7
DA:74,7
DA:75,7
DA:76,7
DA:77,7
DA:78,7
DA:79,7
DA:80,7
DA:81,7
DA:82,7
DA:83,7
DA:84,7
DA:85,7
DA:89,2
DA:90,2
DA:91,2
DA:92,2
DA:93,2
DA:94,2
DA:95,2
DA:96,2
DA:97,2
DA:98,2
DA:99,2
DA:100,2
DA:101,2
DA:102,2
DA:103,2
DA:104,2
LF:62
LH:62
end_of_record
TN:
SF:lib/src/features/movie/data/models/movie_response.dart
FNF:0
FNH:0
DA:7,7
DA:9,14
DA:10,14
DA:11,21
DA:12,21
DA:15,2
DA:16,5
DA:19,1
DA:20,2
LF:9
LH:9
end_of_record
TN:
SF:lib/src/features/movie/data/models/movie_table.dart
FNF:0
FNH:0
DA:12,4
DA:20,4
DA:21,2
DA:22,2
DA:23,2
DA:24,2
DA:27,2
DA:28,1
DA:29,1
DA:30,1
DA:31,1
DA:34,2
DA:35,1
DA:36,1
DA:37,1
DA:38,1
DA:42,4
DA:43,2
DA:44,2
DA:45,2
DA:46,2
DA:50,3
DA:51,15
LF:23
LH:23
end_of_record
TN:
SF:lib/src/features/movie/data/repositories/movie_repository_impl.dart
FNF:0
FNH:0
DA:17,7
DA:22,2
DA:25,4
DA:26,10
DA:27,2
DA:28,4
DA:29,1
DA:30,2
DA:34,2
DA:37,4
DA:38,4
DA:39,2
DA:40,4
DA:41,1
DA:42,2
DA:46,2
DA:49,4
DA:50,8
DA:51,2
DA:52,4
DA:53,1
DA:54,2
DA:58,2
DA:61,4
DA:62,10
DA:63,2
DA:64,4
DA:65,1
DA:66,2
DA:70,2
DA:73,4
DA:74,10
DA:75,2
DA:76,4
DA:77,1
DA:78,2
DA:82,2
DA:85,4
DA:86,10
DA:87,2
DA:88,4
DA:89,1
DA:90,2
DA:94,2
DA:98,6
DA:99,2
DA:100,1
DA:101,3
DA:107,2
DA:111,6
DA:112,2
DA:113,1
DA:114,3
DA:118,2
DA:120,4
DA:124,2
DA:126,4
DA:127,10
LF:58
LH:58
end_of_record
TN:
SF:lib/src/features/movie/domain/entities/movie.dart
FNF:0
FNH:0
DA:4,8
DA:21,2
DA:44,2
DA:45,2
DA:46,2
DA:47,2
DA:48,2
DA:49,2
DA:50,2
DA:51,2
DA:52,2
DA:53,2
DA:54,2
DA:55,2
DA:56,2
DA:57,2
DA:58,2
DA:59,2
LF:18
LH:18
end_of_record
TN:
SF:lib/src/features/movie/domain/entities/movie_detail.dart
FNF:0
FNH:0
DA:5,6
DA:33,1
DA:34,1
DA:35,1
DA:36,1
DA:37,1
DA:38,1
DA:39,1
DA:40,1
DA:41,1
DA:42,1
DA:43,1
DA:44,1
DA:45,1
LF:14
LH:14
end_of_record
TN:
SF:lib/src/features/movie/domain/usecases/get_movie_detail.dart
FNF:0
FNH:0
DA:6,2
DA:8,2
DA:9,6
LF:3
LH:3
end_of_record
TN:
SF:lib/src/features/movie/domain/usecases/get_movie_recommendations.dart
FNF:0
FNH:0
DA:6,2
DA:8,2
DA:9,6
LF:3
LH:3
end_of_record
TN:
SF:lib/src/features/movie/domain/usecases/get_now_playing_movies.dart
FNF:0
FNH:0
DA:6,1
DA:8,1
DA:9,3
LF:3
LH:3
end_of_record
TN:
SF:lib/src/features/movie/domain/usecases/get_popular_movies.dart
FNF:0
FNH:0
DA:6,1
DA:8,1
DA:9,3
LF:3
LH:3
end_of_record
TN:
SF:lib/src/features/movie/domain/usecases/get_top_rated_movies.dart
FNF:0
FNH:0
DA:6,1
DA:8,1
DA:9,3
LF:3
LH:3
end_of_record
TN:
SF:lib/src/features/movie/domain/usecases/get_watchlist_movies.dart
FNF:0
FNH:0
DA:6,1
DA:8,1
DA:9,3
LF:3
LH:3
end_of_record
TN:
SF:lib/src/features/movie/domain/usecases/get_watchlist_status.dart
FNF:0
FNH:0
DA:6,2
DA:8,2
DA:9,6
LF:3
LH:3
end_of_record
TN:
SF:lib/src/features/movie/domain/usecases/remove_watchlist.dart
FNF:0
FNH:0
DA:7,2
DA:9,2
DA:10,6
LF:3
LH:3
end_of_record
TN:
SF:lib/src/features/movie/domain/usecases/save_watchlist.dart
FNF:0
FNH:0
DA:7,1
DA:9,1
DA:10,3
LF:3
LH:3
end_of_record
TN:
SF:lib/src/features/movie/domain/usecases/search_movies.dart
FNF:0
FNH:0
DA:6,1
DA:8,1
DA:9,3
LF:3
LH:3
end_of_record
TN:
SF:lib/src/features/movie/presentation/blocs/movies/movies_bloc.dart
FNF:0
FNH:0
DA:11,3
DA:12,2
DA:13,2
DA:14,3
DA:15,2
DA:16,3
DA:17,2
DA:21,2
DA:22,2
DA:23,3
DA:24,2
DA:25,3
DA:26,2
LF:13
LH:13
end_of_record
TN:
SF:lib/src/features/movie/presentation/blocs/movies/movies_event.dart
FNF:0
FNH:0
DA:8,2
DA:14,3
LF:2
LH:2
end_of_record
TN:
SF:lib/src/features/movie/presentation/blocs/movies/movies_state.dart
FNF:0
FNH:0
DA:12,1
DA:18,1
DA:26,2
DA:32,1
LF:4
LH:4
end_of_record
TN:
SF:lib/src/features/movie/presentation/blocs/now_playing_movies/now_playing_movies_bloc.dart
FNF:0
FNH:0
DA:11,3
DA:12,2
DA:13,2
DA:14,2
DA:16,2
DA:17,3
DA:18,2
LF:7
LH:7
end_of_record
TN:
SF:lib/src/features/movie/presentation/blocs/now_playing_movies/now_playing_movies_state.dart
FNF:0
FNH:0
DA:12,1
DA:18,1
LF:2
LH:2
end_of_record
TN:
SF:lib/src/features/movie/presentation/blocs/popular_movies/popular_movies_bloc.dart
FNF:0
FNH:0
DA:10,3
DA:11,2
DA:12,2
DA:14,2
DA:16,2
DA:17,3
DA:18,2
LF:7
LH:7
end_of_record
TN:
SF:lib/src/features/movie/presentation/blocs/popular_movies/popular_movies_state.dart
FNF:0
FNH:0
DA:12,1
DA:18,1
LF:2
LH:2
end_of_record
TN:
SF:lib/src/features/movie/presentation/blocs/recommendation_movies/recommendation_movies_bloc.dart
FNF:0
FNH:0
DA:11,1
DA:12,2
DA:13,2
DA:14,2
DA:15,3
DA:16,2
DA:17,3
DA:18,2
LF:8
LH:8
end_of_record
TN:
SF:lib/src/features/movie/presentation/blocs/recommendation_movies/recommendation_movies_event.dart
FNF:0
FNH:0
DA:8,3
LF:1
LH:1
end_of_record
TN:
SF:lib/src/features/movie/presentation/blocs/recommendation_movies/recommendation_movies_state.dart
FNF:0
FNH:0
DA:12,2
DA:18,1
LF:2
LH:2
end_of_record
TN:
SF:lib/src/features/movie/presentation/blocs/top_rated_movies/top_rated_movies_bloc.dart
FNF:0
FNH:0
DA:11,3
DA:12,2
DA:13,2
DA:15,2
DA:17,2
DA:18,3
DA:19,2
LF:7
LH:7
end_of_record
TN:
SF:lib/src/features/movie/presentation/blocs/top_rated_movies/top_rated_movies_state.dart
FNF:0
FNH:0
DA:12,1
DA:18,1
LF:2
LH:2
end_of_record
TN:
SF:lib/src/features/movie/presentation/blocs/watchlist_movies/watchlist_movies_bloc.dart
FNF:0
FNH:0
DA:12,3
DA:13,2
DA:14,2
DA:16,2
DA:17,2
DA:18,0
DA:19,2
DA:23,2
DA:24,2
DA:26,3
DA:27,0
DA:29,3
DA:33,2
DA:34,2
DA:36,3
DA:37,1
DA:38,0
DA:39,1
DA:40,4
DA:41,2
DA:46,2
DA:47,2
DA:49,3
DA:50,1
DA:51,0
DA:52,1
DA:53,4
DA:54,2
LF:28
LH:24
end_of_record
TN:
SF:lib/src/features/movie/presentation/blocs/watchlist_movies/watchlist_movies_event.dart
FNF:0
FNH:0
DA:10,3
DA:16,2
DA:22,3
LF:3
LH:3
end_of_record
TN:
SF:lib/src/features/movie/presentation/blocs/watchlist_movies/watchlist_movies_state.dart
FNF:0
FNH:0
DA:12,1
DA:18,1
DA:26,2
DA:32,0
DA:40,1
DA:46,0
LF:6
LH:4
end_of_record
TN:
SF:lib/src/features/movie/presentation/pages/movie_detail_page.dart
FNF:0
FNH:0
DA:21,1
DA:23,1
DA:24,1
DA:29,1
DA:31,1
DA:32,1
DA:35,1
DA:37,2
DA:39,2
DA:41,2
DA:44,4
DA:45,4
DA:46,4
DA:49,1
DA:51,1
DA:52,1
DA:53,1
DA:54,1
DA:55,1
DA:56,0
DA:58,1
DA:59,1
DA:60,0
DA:61,0
DA:63,1
DA:64,1
DA:65,1
DA:66,1
DA:70,0
DA:71,0
DA:73,0
DA:83,1
DA:85,1
DA:87,3
DA:88,1
DA:89,1
DA:90,1
DA:91,3
DA:93,2
DA:94,1
DA:96,0
DA:98,1
DA:100,1
DA:101,1
DA:102,1
DA:103,1
DA:105,2
DA:112,1
DA:113,1
DA:114,1
DA:116,1
DA:118,1
DA:120,1
DA:121,1
DA:122,2
DA:123,1
DA:125,1
DA:127,1
DA:128,1
DA:129,2
DA:130,3
DA:132,1
DA:133,0
DA:135,0
DA:136,0
DA:137,0
DA:142,1
DA:143,1
DA:145,1
DA:146,1
DA:147,1
DA:148,1
DA:150,1
DA:153,1
DA:154,0
DA:155,0
DA:157,1
DA:158,2
DA:161,1
DA:163,1
DA:164,1
DA:165,1
DA:166,1
DA:167,1
DA:172,0
DA:175,1
DA:176,3
DA:178,1
DA:179,3
DA:181,1
DA:182,1
DA:183,1
DA:184,3
DA:186,2
DA:192,4
DA:195,1
DA:196,1
DA:198,1
DA:200,1
DA:201,2
DA:203,1
DA:204,1
DA:206,1
DA:208,1
DA:210,1
DA:211,1
DA:212,0
DA:213,0
DA:216,1
DA:217,1
DA:219,1
DA:221,0
DA:222,0
DA:223,0
DA:225,0
DA:226,0
DA:227,0
DA:230,0
DA:233,0
DA:234,0
DA:235,0
DA:237,0
DA:239,0
DA:240,0
DA:241,0
DA:243,0
DA:246,0
DA:247,0
DA:253,2
DA:257,0
DA:258,0
DA:260,0
DA:267,1
DA:269,1
DA:282,1
DA:284,1
DA:287,1
DA:288,1
DA:289,0
DA:290,0
DA:299,1
DA:301,2
DA:302,3
DA:305,1
DA:309,3
DA:312,1
DA:313,1
DA:314,1
DA:316,1
DA:317,1
DA:319,0
LF:151
LH:112
end_of_record
TN:
SF:lib/src/features/movie/presentation/widgets/movie_card_list.dart
FNF:0
FNH:0
DA:10,1
DA:12,1
DA:14,1
DA:16,1
DA:17,1
DA:18,1
DA:21,2
DA:24,1
DA:26,1
DA:27,1
DA:28,1
DA:34,1
DA:36,1
DA:37,1
DA:38,2
DA:41,1
DA:43,1
DA:44,1
DA:45,2
DA:53,1
DA:58,1
DA:59,1
DA:60,3
DA:62,2
DA:63,1
DA:65,0
DA:67,2
LF:27
LH:26
end_of_record
TN:
SF:lib/src/features/tv/data/datasources/tv_series_local_data_source.dart
FNF:0
FNH:0
DA:15,3
DA:17,1
DA:20,2
DA:23,2
DA:24,2
DA:28,1
DA:31,2
DA:34,2
DA:38,1
DA:40,2
DA:42,1
DA:48,1
DA:50,2
DA:51,4
LF:14
LH:14
end_of_record
TN:
SF:lib/src/features/tv/data/datasources/tv_series_remote_data_source.dart
FNF:0
FNH:0
DA:24,2
DA:26,1
DA:29,3
DA:31,2
DA:32,3
DA:33,4
DA:35,1
DA:39,0
DA:42,0
DA:44,0
DA:45,0
DA:47,0
DA:51,0
DA:54,0
DA:56,0
DA:57,0
DA:59,0
DA:63,1
DA:65,4
DA:67,2
DA:68,3
DA:70,1
DA:74,0
DA:76,0
DA:77,0
DA:79,0
DA:80,0
DA:82,0
DA:86,1
DA:88,1
DA:89,3
DA:91,2
DA:92,4
DA:94,1
LF:34
LH:18
end_of_record
TN:
SF:lib/src/features/tv/data/models/seasons_model.dart
FNF:0
FNH:0
DA:5,0
DA:24,0
DA:25,0
DA:26,0
DA:27,0
DA:28,0
DA:29,0
DA:30,0
DA:31,0
DA:35,0
DA:36,0
DA:37,0
DA:38,0
DA:39,0
DA:40,0
DA:41,0
DA:42,0
DA:43,0
DA:46,0
DA:47,0
DA:48,0
DA:49,0
DA:50,0
DA:51,0
DA:52,0
DA:53,0
DA:54,0
LF:27
LH:0
end_of_record
TN:
SF:lib/src/features/tv/data/models/tv_detail_response.dart
FNF:0
FNH:0
DA:7,1
DA:43,1
DA:44,1
DA:45,1
DA:46,1
DA:47,1
DA:48,1
DA:49,4
DA:50,1
DA:51,1
DA:52,1
DA:53,1
DA:54,1
DA:55,1
DA:56,1
DA:57,1
DA:58,2
DA:59,1
DA:60,3
DA:61,1
DA:86,1
DA:87,1
DA:88,1
DA:89,1
DA:90,1
DA:91,1
DA:92,5
DA:93,1
DA:94,1
DA:95,1
DA:96,1
DA:97,1
DA:98,1
DA:99,3
DA:100,1
DA:101,1
DA:102,1
DA:107,0
DA:108,0
DA:109,0
DA:110,0
DA:111,0
DA:112,0
DA:113,0
DA:114,0
DA:115,0
DA:116,0
DA:117,0
DA:118,0
DA:119,0
DA:120,0
DA:121,0
DA:122,0
DA:123,0
DA:124,0
LF:55
LH:37
end_of_record
TN:
SF:lib/src/features/tv/data/models/tv_model.dart
FNF:0
FNH:0
DA:5,5
DA:37,2
DA:38,2
DA:39,2
DA:40,2
DA:41,2
DA:42,2
DA:43,6
DA:44,2
DA:45,2
DA:46,2
DA:47,2
DA:48,2
DA:49,2
DA:50,2
DA:51,2
DA:56,2
DA:57,1
DA:58,1
DA:59,1
DA:60,1
DA:61,1
DA:62,1
DA:63,1
DA:64,1
DA:65,1
DA:66,1
DA:67,1
DA:68,1
DA:69,1
DA:73,4
DA:74,4
DA:75,4
DA:76,4
DA:77,4
DA:78,4
DA:79,4
DA:80,4
DA:81,4
DA:82,4
DA:83,4
DA:84,4
DA:85,4
DA:86,4
DA:87,4
DA:88,4
DA:92,0
DA:93,0
DA:94,0
DA:95,0
DA:96,0
DA:97,0
DA:98,0
DA:99,0
DA:100,0
DA:101,0
DA:102,0
DA:103,0
DA:104,0
DA:105,0
DA:106,0
DA:107,0
LF:62
LH:46
end_of_record
TN:
SF:lib/src/features/tv/data/models/tv_response.dart
FNF:0
FNH:0
DA:6,3
DA:8,2
DA:9,2
DA:10,4
DA:11,6
DA:12,6
DA:16,2
DA:17,5
DA:20,0
DA:21,0
LF:10
LH:8
end_of_record
TN:
SF:lib/src/features/tv/data/models/tv_table.dart
FNF:0
FNH:0
DA:6,3
DA:20,2
DA:21,1
DA:22,1
DA:23,1
DA:24,1
DA:29,2
DA:30,1
DA:31,1
DA:32,1
DA:33,1
DA:38,2
DA:39,1
DA:40,1
DA:41,1
DA:42,1
DA:46,2
DA:47,1
DA:48,1
DA:49,1
DA:50,1
DA:54,2
DA:55,2
DA:56,2
DA:57,2
DA:58,2
DA:59,2
DA:60,2
LF:28
LH:28
end_of_record
TN:
SF:lib/src/features/tv/data/repositories/tv_series_repository_impl.dart
FNF:0
FNH:0
DA:17,3
DA:27,2
DA:30,4
DA:31,10
DA:32,2
DA:33,4
DA:34,1
DA:35,2
DA:40,2
DA:43,4
DA:44,2
DA:45,2
DA:46,4
DA:47,1
DA:48,2
DA:53,1
DA:56,2
DA:57,3
DA:58,1
DA:59,2
DA:60,1
DA:61,2
DA:66,1
DA:69,2
DA:70,5
DA:71,1
DA:72,2
DA:73,1
DA:74,2
DA:79,1
DA:82,2
DA:83,5
DA:84,1
DA:85,2
DA:86,1
DA:87,2
DA:92,2
DA:95,4
DA:96,10
DA:97,2
DA:98,4
DA:99,1
DA:100,2
DA:105,1
DA:110,3
DA:111,1
DA:112,1
DA:113,3
DA:118,1
DA:123,3
DA:124,1
DA:125,1
DA:126,3
DA:131,1
DA:133,2
DA:138,1
DA:140,2
DA:141,5
LF:58
LH:58
end_of_record
TN:
SF:lib/src/features/tv/domain/entities/seasons.dart
FNF:0
FNH:0
DA:4,0
DA:22,0
DA:24,0
LF:3
LH:0
end_of_record
TN:
SF:lib/src/features/tv/domain/entities/tv.dart
FNF:0
FNH:0
DA:4,4
DA:21,1
DA:53,2
DA:54,2
DA:55,2
DA:56,2
DA:57,2
DA:58,2
DA:59,2
DA:60,2
DA:61,2
DA:62,2
DA:63,2
DA:64,2
DA:65,2
DA:66,2
DA:67,2
DA:68,2
LF:18
LH:18
end_of_record
TN:
SF:lib/src/features/tv/domain/entities/tv_detail.dart
FNF:0
FNH:0
DA:6,4
DA:42,0
DA:43,0
DA:44,0
DA:45,0
DA:46,0
DA:47,0
DA:48,0
DA:49,0
DA:50,0
DA:51,0
DA:52,0
DA:53,0
DA:54,0
DA:55,0
DA:56,0
DA:57,0
DA:58,0
DA:59,0
LF:19
LH:1
end_of_record
TN:
SF:lib/src/features/tv/domain/usecases/get_detail_tv_series.dart
FNF:0
FNH:0
DA:6,1
DA:8,1
DA:9,3
LF:3
LH:3
end_of_record
TN:
SF:lib/src/features/tv/domain/usecases/get_now_playing_tv_series.dart
FNF:0
FNH:0
DA:6,1
DA:8,1
DA:9,3
LF:3
LH:3
end_of_record
TN:
SF:lib/src/features/tv/domain/usecases/get_popular_tv_series.dart
FNF:0
FNH:0
DA:6,1
DA:8,1
DA:9,3
LF:3
LH:3
end_of_record
TN:
SF:lib/src/features/tv/domain/usecases/get_recommendations_tv_series.dart
FNF:0
FNH:0
DA:6,1
DA:8,1
DA:9,3
LF:3
LH:3
end_of_record
TN:
SF:lib/src/features/tv/domain/usecases/get_top_rated_tv_series.dart
FNF:0
FNH:0
DA:6,1
DA:8,1
DA:9,3
LF:3
LH:3
end_of_record
TN:
SF:lib/src/features/tv/domain/usecases/get_watchlist_status_tv_series.dart
FNF:0
FNH:0
DA:6,1
DA:8,1
DA:9,3
LF:3
LH:3
end_of_record
TN:
SF:lib/src/features/tv/domain/usecases/get_watchlist_tv_series.dart
FNF:0
FNH:0
DA:6,1
DA:8,1
DA:9,3
LF:3
LH:3
end_of_record
TN:
SF:lib/src/features/tv/domain/usecases/remove_watchlist_tv_series.dart
FNF:0
FNH:0
DA:7,1
DA:9,1
DA:10,3
LF:3
LH:3
end_of_record
TN:
SF:lib/src/features/tv/domain/usecases/save_watchlist_tv_series.dart
FNF:0
FNH:0
DA:7,1
DA:9,1
DA:10,3
LF:3
LH:3
end_of_record
TN:
SF:lib/src/features/tv/domain/usecases/search_tv_series.dart
FNF:0
FNH:0
DA:6,1
DA:8,1
DA:9,3
LF:3
LH:3
end_of_record
TN:
SF:lib/src/features/tv/presentation/blocs/now_playing_tv/now_playing_tv_bloc.dart
FNF:0
FNH:0
DA:10,3
DA:11,2
DA:12,2
DA:13,2
DA:14,2
DA:15,3
DA:16,2
LF:7
LH:7
end_of_record
TN:
SF:lib/src/features/tv/presentation/blocs/now_playing_tv/now_playing_tv_state.dart
FNF:0
FNH:0
DA:12,1
DA:18,1
LF:2
LH:2
end_of_record
TN:
SF:lib/src/features/tv/presentation/blocs/recommendation_tv/recommendation_tv_bloc.dart
FNF:0
FNH:0
DA:11,0
DA:12,0
DA:13,0
DA:14,0
DA:15,0
DA:16,0
DA:17,0
LF:7
LH:0
end_of_record
TN:
SF:lib/src/features/tv/presentation/blocs/recommendation_tv/recommendation_tv_event.dart
FNF:0
FNH:0
DA:8,1
LF:1
LH:1
end_of_record
TN:
SF:lib/src/features/tv/presentation/blocs/recommendation_tv/recommendation_tv_state.dart
FNF:0
FNH:0
DA:12,0
DA:18,0
LF:2
LH:0
end_of_record
TN:
SF:lib/src/features/tv/presentation/blocs/top_rated_tv/top_rated_tv_bloc.dart
FNF:0
FNH:0
DA:10,0
DA:11,0
DA:12,0
DA:14,0
DA:16,0
DA:17,0
DA:18,0
LF:7
LH:0
end_of_record
TN:
SF:lib/src/features/tv/presentation/blocs/top_rated_tv/top_rated_tv_state.dart
FNF:0
FNH:0
DA:12,0
DA:18,0
LF:2
LH:0
end_of_record
TN:
SF:lib/src/features/tv/presentation/blocs/tv_popular/tv_popular_bloc.dart
FNF:0
FNH:0
DA:10,0
DA:11,0
DA:12,0
DA:14,0
DA:16,0
DA:17,0
DA:18,0
LF:7
LH:0
end_of_record
TN:
SF:lib/src/features/tv/presentation/blocs/tv_popular/tv_popular_state.dart
FNF:0
FNH:0
DA:12,0
DA:18,0
LF:2
LH:0
end_of_record
TN:
SF:lib/src/features/tv/presentation/blocs/tv_series/tv_series_bloc.dart
FNF:0
FNH:0
DA:11,3
DA:12,2
DA:13,2
DA:14,3
DA:15,2
DA:16,3
DA:17,2
DA:21,2
DA:22,2
DA:23,3
DA:24,2
DA:25,3
DA:26,2
LF:13
LH:13
end_of_record
TN:
SF:lib/src/features/tv/presentation/blocs/tv_series/tv_series_event.dart
FNF:0
FNH:0
DA:8,2
DA:14,2
LF:2
LH:2
end_of_record
TN:
SF:lib/src/features/tv/presentation/blocs/tv_series/tv_series_state.dart
FNF:0
FNH:0
DA:12,1
DA:18,1
DA:26,1
DA:32,1
LF:4
LH:4
end_of_record
TN:
SF:lib/src/features/tv/presentation/blocs/watchlist_tv/watchlist_tv_bloc.dart
FNF:0
FNH:0
DA:11,0
DA:12,0
DA:13,0
DA:15,0
DA:16,0
DA:17,0
DA:18,0
DA:22,0
DA:23,0
DA:25,0
DA:26,0
DA:28,0
DA:32,0
DA:33,0
DA:35,0
DA:36,0
DA:37,0
DA:38,0
DA:39,0
DA:40,0
DA:45,0
DA:46,0
DA:48,0
DA:49,0
DA:50,0
DA:51,0
DA:52,0
DA:53,0
LF:28
LH:0
end_of_record
TN:
SF:lib/src/features/tv/presentation/blocs/watchlist_tv/watchlist_tv_event.dart
FNF:0
FNH:0
DA:10,1
DA:16,1
DA:22,1
LF:3
LH:3
end_of_record
TN:
SF:lib/src/features/tv/presentation/blocs/watchlist_tv/watchlist_tv_state.dart
FNF:0
FNH:0
DA:12,0
DA:18,0
DA:26,0
DA:32,0
DA:40,0
DA:46,0
LF:6
LH:0
end_of_record
TN:
SF:lib/src/shared/data/models/genre_model.dart
FNF:0
FNH:0
DA:5,4
DA:13,6
DA:14,3
DA:15,3
DA:18,0
DA:19,0
DA:20,0
DA:23,3
DA:24,9
DA:27,1
DA:28,3
LF:11
LH:8
end_of_record
TN:
SF:lib/src/shared/domain/entities/genre.dart
FNF:0
FNH:0
DA:4,10
DA:12,1
DA:13,3
LF:3
LH:3
end_of_record
